[0.719s] Invoking command in '/home/CIN/mas11/Documents/robotic_arm/ros2_robotic_arm/src/robot_arm': DEBUGINFOD_URLS=https://debuginfod.ubuntu.com PYTHONPATH=/home/CIN/mas11/Documents/robotic_arm/ros2_robotic_arm/build/robot_arm/prefix_override:/usr/lib/python3/dist-packages/colcon_core/task/python/colcon_distutils_commands:/home/CIN/mas11/Documents/robotic_arm/ros2_robotic_arm/install/robot_arm/lib/python3.12/site-packages:${PYTHONPATH} /usr/bin/python3 -W ignore:setup.py install is deprecated -W ignore:easy_install command is deprecated setup.py egg_info --egg-base ../../build/robot_arm build --build-base /home/CIN/mas11/Documents/robotic_arm/ros2_robotic_arm/build/robot_arm/build install --record /home/CIN/mas11/Documents/robotic_arm/ros2_robotic_arm/build/robot_arm/install.log --single-version-externally-managed install_data
[0.953s] running egg_info
[0.972s] writing ../../build/robot_arm/robot_arm.egg-info/PKG-INFO
[0.972s] writing dependency_links to ../../build/robot_arm/robot_arm.egg-info/dependency_links.txt
[0.973s] writing entry points to ../../build/robot_arm/robot_arm.egg-info/entry_points.txt
[0.973s] writing requirements to ../../build/robot_arm/robot_arm.egg-info/requires.txt
[0.973s] writing top-level names to ../../build/robot_arm/robot_arm.egg-info/top_level.txt
[1.013s] reading manifest file '../../build/robot_arm/robot_arm.egg-info/SOURCES.txt'
[1.013s] adding license file 'LICENSE'
[1.013s] writing manifest file '../../build/robot_arm/robot_arm.egg-info/SOURCES.txt'
[1.013s] running build
[1.013s] running build_py
[1.014s] running install
[1.018s] running install_lib
[1.038s] running install_data
[1.038s] running install_egg_info
[1.058s] removing '/home/CIN/mas11/Documents/robotic_arm/ros2_robotic_arm/install/robot_arm/lib/python3.12/site-packages/robot_arm-0.0.0-py3.12.egg-info' (and everything under it)
[1.058s] Copying ../../build/robot_arm/robot_arm.egg-info to /home/CIN/mas11/Documents/robotic_arm/ros2_robotic_arm/install/robot_arm/lib/python3.12/site-packages/robot_arm-0.0.0-py3.12.egg-info
[1.059s] running install_scripts
[1.205s] Installing robot_controller script to /home/CIN/mas11/Documents/robotic_arm/ros2_robotic_arm/install/robot_arm/lib/robot_arm
[1.205s] Installing robot_planner script to /home/CIN/mas11/Documents/robotic_arm/ros2_robotic_arm/install/robot_arm/lib/robot_arm
[1.205s] writing list of installed files to '/home/CIN/mas11/Documents/robotic_arm/ros2_robotic_arm/build/robot_arm/install.log'
[1.225s] Invoked command in '/home/CIN/mas11/Documents/robotic_arm/ros2_robotic_arm/src/robot_arm' returned '0': DEBUGINFOD_URLS=https://debuginfod.ubuntu.com PYTHONPATH=/home/CIN/mas11/Documents/robotic_arm/ros2_robotic_arm/build/robot_arm/prefix_override:/usr/lib/python3/dist-packages/colcon_core/task/python/colcon_distutils_commands:/home/CIN/mas11/Documents/robotic_arm/ros2_robotic_arm/install/robot_arm/lib/python3.12/site-packages:${PYTHONPATH} /usr/bin/python3 -W ignore:setup.py install is deprecated -W ignore:easy_install command is deprecated setup.py egg_info --egg-base ../../build/robot_arm build --build-base /home/CIN/mas11/Documents/robotic_arm/ros2_robotic_arm/build/robot_arm/build install --record /home/CIN/mas11/Documents/robotic_arm/ros2_robotic_arm/build/robot_arm/install.log --single-version-externally-managed install_data
